TN:
SF:/Users/divanov/Projects/Determine/vue-cli-sonar/src/registerServiceWorker.js
FN:7,(anonymous_0)
FN:13,(anonymous_1)
FN:16,(anonymous_2)
FN:19,(anonymous_3)
FN:22,(anonymous_4)
FN:25,(anonymous_5)
FN:28,(anonymous_6)
FNF:7
FNH:0
FNDA:0,(anonymous_0)
FNDA:0,(anonymous_1)
FNDA:0,(anonymous_2)
FNDA:0,(anonymous_3)
FNDA:0,(anonymous_4)
FNDA:0,(anonymous_5)
FNDA:0,(anonymous_6)
DA:5,0
DA:6,0
DA:8,0
DA:14,0
DA:17,0
DA:20,0
DA:23,0
DA:26,0
DA:29,0
LF:9
LH:0
BRDA:5,0,0,0
BRDA:5,0,1,0
BRF:2
BRH:0
end_of_record
TN:
SF:/Users/divanov/Projects/Determine/vue-cli-sonar/src/router/index.js
FN:19,(anonymous_0)
FNF:1
FNH:0
FNDA:0,(anonymous_0)
DA:5,0
DA:7,0
DA:19,0
DA:23,0
LF:4
LH:0
BRF:0
BRH:0
end_of_record
TN:
SF:/Users/divanov/Projects/Determine/vue-cli-sonar/src/store/index.js
FNF:0
FNH:0
DA:4,0
LF:1
LH:0
BRF:0
BRH:0
end_of_record
TN:
SF:/Users/divanov/Projects/Determine/vue-cli-sonar/src/views/Home.vue
FNF:0
FNH:0
DA:10,0
LF:1
LH:0
BRF:0
BRH:0
end_of_record
